# JRE version: OpenJDK Runtime Environment (11.0.10) (build 11.0.10+0-b96-7249189)
# Java VM: OpenJDK 64-Bit Server VM (11.0.10+0-b96-7249189, mixed mode, tiered, compressed oops, g1 gc, windows-amd64)
Heap:
 garbage-first heap   total 561152K, used 251392K [0x0000000080000000, 0x0000000100000000)
  region size 1024K, 6 young (6144K), 6 survivors (6144K)
 Metaspace       used 159985K, capacity 165612K, committed 166508K, reserved 1193984K
  class space    used 19196K, capacity 21075K, committed 21612K, reserved 1048576K
GC Heap History (20 events):
Event: 10694.520 GC heap after
{Heap after GC invocations=172 (full 0):
 garbage-first heap   total 328704K, used 181602K [0x0000000080000000, 0x0000000100000000)
  region size 1024K, 9 young (9216K), 9 survivors (9216K)
 Metaspace       used 158308K, capacity 163745K, committed 165740K, reserved 1193984K
  class space    used 19036K, capacity 20870K, committed 21612K, reserved 1048576K
}
Event: 10695.945 GC heap before
{Heap before GC invocations=173 (full 0):
 garbage-first heap   total 328704K, used 246114K [0x0000000080000000, 0x0000000100000000)
  region size 1024K, 90 young (92160K), 9 survivors (9216K)
 Metaspace       used 158866K, capacity 164348K, committed 165740K, reserved 1193984K
  class space    used 19105K, capacity 20962K, committed 21612K, reserved 1048576K
}
Event: 10695.975 GC heap after
{Heap after GC invocations=174 (full 0):
 garbage-first heap   total 328704K, used 173912K [0x0000000080000000, 0x0000000100000000)
  region size 1024K, 10 young (10240K), 10 survivors (10240K)
 Metaspace       used 158866K, capacity 164348K, committed 165740K, reserved 1193984K
  class space    used 19105K, capacity 20962K, committed 21612K, reserved 1048576K
}
Event: 10696.010 GC heap before
{Heap before GC invocations=174 (full 0):
 garbage-first heap   total 328704K, used 180056K [0x0000000080000000, 0x0000000100000000)
  region size 1024K, 16 young (16384K), 10 survivors (10240K)
 Metaspace       used 158901K, capacity 164362K, committed 165740K, reserved 1193984K
  class space    used 19112K, capacity 20967K, committed 21612K, reserved 1048576K
}
Event: 10696.052 GC heap after
{Heap after GC invocations=175 (full 0):
 garbage-first heap   total 328704K, used 151783K [0x0000000080000000, 0x0000000100000000)
  region size 1024K, 2 young (2048K), 2 survivors (2048K)
 Metaspace       used 158901K, capacity 164362K, committed 165740K, reserved 1193984K
  class space    used 19112K, capacity 20967K, committed 21612K, reserved 1048576K
}
Event: 10696.407 GC heap before
{Heap before GC invocations=175 (full 0):
 garbage-first heap   total 328704K, used 184551K [0x0000000080000000, 0x0000000100000000)
  region size 1024K, 36 young (36864K), 2 survivors (2048K)
 Metaspace       used 159034K, capacity 164514K, committed 165740K, reserved 1193984K
  class space    used 19122K, capacity 20973K, committed 21612K, reserved 1048576K
}
Event: 10696.421 GC heap after
{Heap after GC invocations=176 (full 0):
 garbage-first heap   total 328704K, used 150878K [0x0000000080000000, 0x0000000100000000)
  region size 1024K, 1 young (1024K), 1 survivors (1024K)
 Metaspace       used 159034K, capacity 164514K, committed 165740K, reserved 1193984K
  class space    used 19122K, capacity 20973K, committed 21612K, reserved 1048576K
}
Event: 10698.184 GC heap before
{Heap before GC invocations=177 (full 0):
 garbage-first heap   total 328704K, used 262494K [0x0000000080000000, 0x0000000100000000)
  region size 1024K, 109 young (111616K), 1 survivors (1024K)
 Metaspace       used 159493K, capacity 165024K, committed 165996K, reserved 1193984K
  class space    used 19173K, capacity 21048K, committed 21612K, reserved 1048576K
}
Event: 10698.194 GC heap after
{Heap after GC invocations=178 (full 0):
 garbage-first heap   total 328704K, used 151901K [0x0000000080000000, 0x0000000100000000)
  region size 1024K, 2 young (2048K), 2 survivors (2048K)
 Metaspace       used 159493K, capacity 165024K, committed 165996K, reserved 1193984K
  class space    used 19173K, capacity 21048K, committed 21612K, reserved 1048576K
}
Event: 10698.381 GC heap before
{Heap before GC invocations=178 (full 0):
 garbage-first heap   total 328704K, used 166237K [0x0000000080000000, 0x0000000100000000)
  region size 1024K, 16 young (16384K), 2 survivors (2048K)
 Metaspace       used 159523K, capacity 165028K, committed 165996K, reserved 1193984K
  class space    used 19174K, capacity 21049K, committed 21612K, reserved 1048576K
}
Event: 10698.390 GC heap after
{Heap after GC invocations=179 (full 0):
 garbage-first heap   total 328704K, used 151288K [0x0000000080000000, 0x0000000100000000)
  region size 1024K, 1 young (1024K), 1 survivors (1024K)
 Metaspace       used 159523K, capacity 165028K, committed 165996K, reserved 1193984K
  class space    used 19174K, capacity 21049K, committed 21612K, reserved 1048576K
}
Event: 10699.638 GC heap before
{Heap before GC invocations=179 (full 0):
 garbage-first heap   total 328704K, used 265976K [0x0000000080000000, 0x0000000100000000)
  region size 1024K, 113 young (115712K), 1 survivors (1024K)
 Metaspace       used 159587K, capacity 165105K, committed 166252K, reserved 1193984K
  class space    used 19177K, capacity 21053K, committed 21612K, reserved 1048576K
}
Event: 10699.648 GC heap after
{Heap after GC invocations=180 (full 0):
 garbage-first heap   total 328704K, used 152740K [0x0000000080000000, 0x0000000100000000)
  region size 1024K, 2 young (2048K), 2 survivors (2048K)
 Metaspace       used 159587K, capacity 165105K, committed 166252K, reserved 1193984K
  class space    used 19177K, capacity 21053K, committed 21612K, reserved 1048576K
}
Event: 10700.941 GC heap before
{Heap before GC invocations=181 (full 0):
 garbage-first heap   total 328704K, used 301220K [0x0000000080000000, 0x0000000100000000)
  region size 1024K, 116 young (118784K), 2 survivors (2048K)
 Metaspace       used 159821K, capacity 165351K, committed 166252K, reserved 1193984K
  class space    used 19195K, capacity 21075K, committed 21612K, reserved 1048576K
}
Event: 10701.003 GC heap after
{Heap after GC invocations=182 (full 0):
 garbage-first heap   total 331776K, used 199569K [0x0000000080000000, 0x0000000100000000)
  region size 1024K, 15 young (15360K), 15 survivors (15360K)
 Metaspace       used 159821K, capacity 165351K, committed 166252K, reserved 1193984K
  class space    used 19195K, capacity 21075K, committed 21612K, reserved 1048576K
}
Event: 10701.008 GC heap before
{Heap before GC invocations=182 (full 0):
 garbage-first heap   total 331776K, used 199569K [0x0000000080000000, 0x0000000100000000)
  region size 1024K, 16 young (16384K), 15 survivors (15360K)
 Metaspace       used 159821K, capacity 165351K, committed 166252K, reserved 1193984K
  class space    used 19195K, capacity 21075K, committed 21612K, reserved 1048576K
}
Event: 10701.064 GC heap after
{Heap after GC invocations=183 (full 0):
 garbage-first heap   total 331776K, used 194250K [0x0000000080000000, 0x0000000100000000)
  region size 1024K, 2 young (2048K), 2 survivors (2048K)
 Metaspace       used 159821K, capacity 165351K, committed 166252K, reserved 1193984K
  class space    used 19195K, capacity 21075K, committed 21612K, reserved 1048576K
}
Event: 10701.871 GC heap before
{Heap before GC invocations=183 (full 0):
 garbage-first heap   total 331776K, used 263882K [0x0000000080000000, 0x0000000100000000)
  region size 1024K, 70 young (71680K), 2 survivors (2048K)
 Metaspace       used 159972K, capacity 165547K, committed 166508K, reserved 1193984K
  class space    used 19196K, capacity 21075K, committed 21612K, reserved 1048576K
}
Event: 10701.975 GC heap after
{Heap after GC invocations=184 (full 0):
 garbage-first heap   total 331776K, used 230400K [0x0000000080000000, 0x0000000100000000)
  region size 1024K, 9 young (9216K), 9 survivors (9216K)
 Metaspace       used 159972K, capacity 165547K, committed 166508K, reserved 1193984K
  class space    used 19196K, capacity 21075K, committed 21612K, reserved 1048576K
}
Event: 10702.500 GC heap before
{Heap before GC invocations=184 (full 0):
 garbage-first heap   total 331776K, used 268288K [0x0000000080000000, 0x0000000100000000)
  region size 1024K, 46 young (47104K), 9 survivors (9216K)
 Metaspace       used 159985K, capacity 165612K, committed 166508K, reserved 1193984K
  class space    used 19196K, capacity 21075K, committed 21612K, reserved 1048576K
}

