# JRE version: OpenJDK Runtime Environment (11.0.10) (build 11.0.10+0-b96-7249189)
# Java VM: OpenJDK 64-Bit Server VM (11.0.10+0-b96-7249189, mixed mode, tiered, compressed oops, g1 gc, windows-amd64)
Heap:
 garbage-first heap   total 328704K, used 196092K [0x0000000080000000, 0x0000000100000000)
  region size 1024K, 4 young (4096K), 4 survivors (4096K)
 Metaspace       used 139960K, capacity 143870K, committed 144128K, reserved 1175552K
  class space    used 17182K, capacity 18561K, committed 18688K, reserved 1048576K
GC Heap History (20 events):
Event: 1507.891 GC heap after
{Heap after GC invocations=118 (full 0):
 garbage-first heap   total 273408K, used 191615K [0x0000000080000000, 0x0000000100000000)
  region size 1024K, 5 young (5120K), 5 survivors (5120K)
 Metaspace       used 139871K, capacity 143739K, committed 143872K, reserved 1175552K
  class space    used 17178K, capacity 18561K, committed 18688K, reserved 1048576K
}
Event: 1508.317 GC heap before
{Heap before GC invocations=118 (full 0):
 garbage-first heap   total 273408K, used 238719K [0x0000000080000000, 0x0000000100000000)
  region size 1024K, 51 young (52224K), 5 survivors (5120K)
 Metaspace       used 139877K, capacity 143740K, committed 143872K, reserved 1175552K
  class space    used 17178K, capacity 18561K, committed 18688K, reserved 1048576K
}
Event: 1508.327 GC heap after
{Heap after GC invocations=119 (full 0):
 garbage-first heap   total 273408K, used 191799K [0x0000000080000000, 0x0000000100000000)
  region size 1024K, 2 young (2048K), 2 survivors (2048K)
 Metaspace       used 139877K, capacity 143740K, committed 143872K, reserved 1175552K
  class space    used 17178K, capacity 18561K, committed 18688K, reserved 1048576K
}
Event: 1508.747 GC heap before
{Heap before GC invocations=119 (full 0):
 garbage-first heap   total 273408K, used 238903K [0x0000000080000000, 0x0000000100000000)
  region size 1024K, 48 young (49152K), 2 survivors (2048K)
 Metaspace       used 139888K, capacity 143805K, committed 144128K, reserved 1175552K
  class space    used 17178K, capacity 18561K, committed 18688K, reserved 1048576K
}
Event: 1508.753 GC heap after
{Heap after GC invocations=120 (full 0):
 garbage-first heap   total 273408K, used 192115K [0x0000000080000000, 0x0000000100000000)
  region size 1024K, 2 young (2048K), 2 survivors (2048K)
 Metaspace       used 139888K, capacity 143805K, committed 144128K, reserved 1175552K
  class space    used 17178K, capacity 18561K, committed 18688K, reserved 1048576K
}
Event: 1509.180 GC heap before
{Heap before GC invocations=120 (full 0):
 garbage-first heap   total 273408K, used 240243K [0x0000000080000000, 0x0000000100000000)
  region size 1024K, 49 young (50176K), 2 survivors (2048K)
 Metaspace       used 139891K, capacity 143805K, committed 144128K, reserved 1175552K
  class space    used 17178K, capacity 18561K, committed 18688K, reserved 1048576K
}
Event: 1509.186 GC heap after
{Heap after GC invocations=121 (full 0):
 garbage-first heap   total 273408K, used 192495K [0x0000000080000000, 0x0000000100000000)
  region size 1024K, 3 young (3072K), 3 survivors (3072K)
 Metaspace       used 139891K, capacity 143805K, committed 144128K, reserved 1175552K
  class space    used 17178K, capacity 18561K, committed 18688K, reserved 1048576K
}
Event: 1509.598 GC heap before
{Heap before GC invocations=121 (full 0):
 garbage-first heap   total 273408K, used 239599K [0x0000000080000000, 0x0000000100000000)
  region size 1024K, 49 young (50176K), 3 survivors (3072K)
 Metaspace       used 139897K, capacity 143805K, committed 144128K, reserved 1175552K
  class space    used 17178K, capacity 18561K, committed 18688K, reserved 1048576K
}
Event: 1509.605 GC heap after
{Heap after GC invocations=122 (full 0):
 garbage-first heap   total 273408K, used 192740K [0x0000000080000000, 0x0000000100000000)
  region size 1024K, 3 young (3072K), 3 survivors (3072K)
 Metaspace       used 139897K, capacity 143805K, committed 144128K, reserved 1175552K
  class space    used 17178K, capacity 18561K, committed 18688K, reserved 1048576K
}
Event: 1509.973 GC heap before
{Heap before GC invocations=122 (full 0):
 garbage-first heap   total 273408K, used 240868K [0x0000000080000000, 0x0000000100000000)
  region size 1024K, 50 young (51200K), 3 survivors (3072K)
 Metaspace       used 139897K, capacity 143805K, committed 144128K, reserved 1175552K
  class space    used 17178K, capacity 18561K, committed 18688K, reserved 1048576K
}
Event: 1509.982 GC heap after
{Heap after GC invocations=123 (full 0):
 garbage-first heap   total 273408K, used 193131K [0x0000000080000000, 0x0000000100000000)
  region size 1024K, 3 young (3072K), 3 survivors (3072K)
 Metaspace       used 139897K, capacity 143805K, committed 144128K, reserved 1175552K
  class space    used 17178K, capacity 18561K, committed 18688K, reserved 1048576K
}
Event: 1510.492 GC heap before
{Heap before GC invocations=123 (full 0):
 garbage-first heap   total 273408K, used 241259K [0x0000000080000000, 0x0000000100000000)
  region size 1024K, 50 young (51200K), 3 survivors (3072K)
 Metaspace       used 139918K, capacity 143805K, committed 144128K, reserved 1175552K
  class space    used 17181K, capacity 18561K, committed 18688K, reserved 1048576K
}
Event: 1510.502 GC heap after
{Heap after GC invocations=124 (full 0):
 garbage-first heap   total 273408K, used 193915K [0x0000000080000000, 0x0000000100000000)
  region size 1024K, 4 young (4096K), 4 survivors (4096K)
 Metaspace       used 139918K, capacity 143805K, committed 144128K, reserved 1175552K
  class space    used 17181K, capacity 18561K, committed 18688K, reserved 1048576K
}
Event: 1510.882 GC heap before
{Heap before GC invocations=124 (full 0):
 garbage-first heap   total 273408K, used 241019K [0x0000000080000000, 0x0000000100000000)
  region size 1024K, 50 young (51200K), 4 survivors (4096K)
 Metaspace       used 139932K, capacity 143805K, committed 144128K, reserved 1175552K
  class space    used 17181K, capacity 18561K, committed 18688K, reserved 1048576K
}
Event: 1510.892 GC heap after
{Heap after GC invocations=125 (full 0):
 garbage-first heap   total 273408K, used 194213K [0x0000000080000000, 0x0000000100000000)
  region size 1024K, 4 young (4096K), 4 survivors (4096K)
 Metaspace       used 139932K, capacity 143805K, committed 144128K, reserved 1175552K
  class space    used 17181K, capacity 18561K, committed 18688K, reserved 1048576K
}
Event: 1511.374 GC heap before
{Heap before GC invocations=125 (full 0):
 garbage-first heap   total 273408K, used 241317K [0x0000000080000000, 0x0000000100000000)
  region size 1024K, 50 young (51200K), 4 survivors (4096K)
 Metaspace       used 139935K, capacity 143805K, committed 144128K, reserved 1175552K
  class space    used 17181K, capacity 18561K, committed 18688K, reserved 1048576K
}
Event: 1511.389 GC heap after
{Heap after GC invocations=126 (full 0):
 garbage-first heap   total 273408K, used 194968K [0x0000000080000000, 0x0000000100000000)
  region size 1024K, 5 young (5120K), 5 survivors (5120K)
 Metaspace       used 139935K, capacity 143805K, committed 144128K, reserved 1175552K
  class space    used 17181K, capacity 18561K, committed 18688K, reserved 1048576K
}
Event: 1511.791 GC heap before
{Heap before GC invocations=126 (full 0):
 garbage-first heap   total 273408K, used 239000K [0x0000000080000000, 0x0000000100000000)
  region size 1024K, 48 young (49152K), 5 survivors (5120K)
 Metaspace       used 139949K, capacity 143806K, committed 144128K, reserved 1175552K
  class space    used 17181K, capacity 18561K, committed 18688K, reserved 1048576K
}
Event: 1511.802 GC heap after
{Heap after GC invocations=127 (full 0):
 garbage-first heap   total 273408K, used 195729K [0x0000000080000000, 0x0000000100000000)
  region size 1024K, 4 young (4096K), 4 survivors (4096K)
 Metaspace       used 139949K, capacity 143806K, committed 144128K, reserved 1175552K
  class space    used 17181K, capacity 18561K, committed 18688K, reserved 1048576K
}
Event: 1512.188 GC heap before
{Heap before GC invocations=127 (full 0):
 garbage-first heap   total 273408K, used 240785K [0x0000000080000000, 0x0000000100000000)
  region size 1024K, 48 young (49152K), 4 survivors (4096K)
 Metaspace       used 139960K, capacity 143870K, committed 144128K, reserved 1175552K
  class space    used 17182K, capacity 18561K, committed 18688K, reserved 1048576K
}

