# JRE version: OpenJDK Runtime Environment (11.0.10) (build 11.0.10+0-b96-7249189)
# Java VM: OpenJDK 64-Bit Server VM (11.0.10+0-b96-7249189, mixed mode, tiered, compressed oops, g1 gc, windows-amd64)
Heap:
 garbage-first heap   total 540672K, used 183866K [0x0000000080000000, 0x0000000100000000)
  region size 1024K, 12 young (12288K), 12 survivors (12288K)
 Metaspace       used 125446K, capacity 128757K, committed 129152K, reserved 1161216K
  class space    used 15241K, capacity 16434K, committed 16588K, reserved 1048576K
GC Heap History (20 events):
Event: 4674.388 GC heap after
{Heap after GC invocations=102 (full 0):
 garbage-first heap   total 475136K, used 179416K [0x0000000080000000, 0x0000000100000000)
  region size 1024K, 3 young (3072K), 3 survivors (3072K)
 Metaspace       used 125341K, capacity 128641K, committed 129152K, reserved 1161216K
  class space    used 15236K, capacity 16427K, committed 16588K, reserved 1048576K
}
Event: 4675.990 GC heap before
{Heap before GC invocations=103 (full 0):
 garbage-first heap   total 475136K, used 404696K [0x0000000080000000, 0x0000000100000000)
  region size 1024K, 223 young (228352K), 3 survivors (3072K)
 Metaspace       used 125341K, capacity 128641K, committed 129152K, reserved 1161216K
  class space    used 15236K, capacity 16427K, committed 16588K, reserved 1048576K
}
Event: 4676.003 GC heap after
{Heap after GC invocations=104 (full 0):
 garbage-first heap   total 475136K, used 180179K [0x0000000080000000, 0x0000000100000000)
  region size 1024K, 4 young (4096K), 4 survivors (4096K)
 Metaspace       used 125341K, capacity 128641K, committed 129152K, reserved 1161216K
  class space    used 15236K, capacity 16427K, committed 16588K, reserved 1048576K
}
Event: 4676.092 GC heap before
{Heap before GC invocations=104 (full 0):
 garbage-first heap   total 475136K, used 199635K [0x0000000080000000, 0x0000000100000000)
  region size 1024K, 23 young (23552K), 4 survivors (4096K)
 Metaspace       used 125341K, capacity 128641K, committed 129152K, reserved 1161216K
  class space    used 15236K, capacity 16427K, committed 16588K, reserved 1048576K
}
Event: 4676.151 GC heap after
{Heap after GC invocations=105 (full 0):
 garbage-first heap   total 475136K, used 170864K [0x0000000080000000, 0x0000000100000000)
  region size 1024K, 1 young (1024K), 1 survivors (1024K)
 Metaspace       used 125341K, capacity 128641K, committed 129152K, reserved 1161216K
  class space    used 15236K, capacity 16427K, committed 16588K, reserved 1048576K
}
Event: 4677.340 GC heap before
{Heap before GC invocations=105 (full 0):
 garbage-first heap   total 475136K, used 405360K [0x0000000080000000, 0x0000000100000000)
  region size 1024K, 230 young (235520K), 1 survivors (1024K)
 Metaspace       used 125343K, capacity 128641K, committed 129152K, reserved 1161216K
  class space    used 15237K, capacity 16427K, committed 16588K, reserved 1048576K
}
Event: 4677.359 GC heap after
{Heap after GC invocations=106 (full 0):
 garbage-first heap   total 475136K, used 172972K [0x0000000080000000, 0x0000000100000000)
  region size 1024K, 3 young (3072K), 3 survivors (3072K)
 Metaspace       used 125343K, capacity 128641K, committed 129152K, reserved 1161216K
  class space    used 15237K, capacity 16427K, committed 16588K, reserved 1048576K
}
Event: 4679.194 GC heap before
{Heap before GC invocations=107 (full 0):
 garbage-first heap   total 475136K, used 407468K [0x0000000080000000, 0x0000000100000000)
  region size 1024K, 232 young (237568K), 3 survivors (3072K)
 Metaspace       used 125353K, capacity 128647K, committed 129152K, reserved 1161216K
  class space    used 15238K, capacity 16429K, committed 16588K, reserved 1048576K
}
Event: 4679.217 GC heap after
{Heap after GC invocations=108 (full 0):
 garbage-first heap   total 475136K, used 176716K [0x0000000080000000, 0x0000000100000000)
  region size 1024K, 7 young (7168K), 7 survivors (7168K)
 Metaspace       used 125353K, capacity 128647K, committed 129152K, reserved 1161216K
  class space    used 15238K, capacity 16429K, committed 16588K, reserved 1048576K
}
Event: 4679.324 GC heap before
{Heap before GC invocations=108 (full 0):
 garbage-first heap   total 475136K, used 194124K [0x0000000080000000, 0x0000000100000000)
  region size 1024K, 23 young (23552K), 7 survivors (7168K)
 Metaspace       used 125387K, capacity 128684K, committed 129152K, reserved 1161216K
  class space    used 15240K, capacity 16433K, committed 16588K, reserved 1048576K
}
Event: 4679.349 GC heap after
{Heap after GC invocations=109 (full 0):
 garbage-first heap   total 475136K, used 175372K [0x0000000080000000, 0x0000000100000000)
  region size 1024K, 1 young (1024K), 1 survivors (1024K)
 Metaspace       used 125387K, capacity 128684K, committed 129152K, reserved 1161216K
  class space    used 15240K, capacity 16433K, committed 16588K, reserved 1048576K
}
Event: 4680.609 GC heap before
{Heap before GC invocations=109 (full 0):
 garbage-first heap   total 475136K, used 407820K [0x0000000080000000, 0x0000000100000000)
  region size 1024K, 228 young (233472K), 1 survivors (1024K)
 Metaspace       used 125408K, capacity 128685K, committed 129152K, reserved 1161216K
  class space    used 15240K, capacity 16433K, committed 16588K, reserved 1048576K
}
Event: 4680.632 GC heap after
{Heap after GC invocations=110 (full 0):
 garbage-first heap   total 475136K, used 177282K [0x0000000080000000, 0x0000000100000000)
  region size 1024K, 4 young (4096K), 4 survivors (4096K)
 Metaspace       used 125408K, capacity 128685K, committed 129152K, reserved 1161216K
  class space    used 15240K, capacity 16433K, committed 16588K, reserved 1048576K
}
Event: 4682.410 GC heap before
{Heap before GC invocations=111 (full 0):
 garbage-first heap   total 475136K, used 411778K [0x0000000080000000, 0x0000000100000000)
  region size 1024K, 231 young (236544K), 4 survivors (4096K)
 Metaspace       used 125421K, capacity 128689K, committed 129152K, reserved 1161216K
  class space    used 15240K, capacity 16433K, committed 16588K, reserved 1048576K
}
Event: 4682.432 GC heap after
{Heap after GC invocations=112 (full 0):
 garbage-first heap   total 475136K, used 182540K [0x0000000080000000, 0x0000000100000000)
  region size 1024K, 7 young (7168K), 7 survivors (7168K)
 Metaspace       used 125421K, capacity 128689K, committed 129152K, reserved 1161216K
  class space    used 15240K, capacity 16433K, committed 16588K, reserved 1048576K
}
Event: 4682.521 GC heap before
{Heap before GC invocations=112 (full 0):
 garbage-first heap   total 475136K, used 198924K [0x0000000080000000, 0x0000000100000000)
  region size 1024K, 23 young (23552K), 7 survivors (7168K)
 Metaspace       used 125424K, capacity 128689K, committed 129152K, reserved 1161216K
  class space    used 15240K, capacity 16433K, committed 16588K, reserved 1048576K
}
Event: 4682.565 GC heap after
{Heap after GC invocations=113 (full 0):
 garbage-first heap   total 475136K, used 174130K [0x0000000080000000, 0x0000000100000000)
  region size 1024K, 1 young (1024K), 1 survivors (1024K)
 Metaspace       used 125424K, capacity 128689K, committed 129152K, reserved 1161216K
  class space    used 15240K, capacity 16433K, committed 16588K, reserved 1048576K
}
Event: 4683.730 GC heap before
{Heap before GC invocations=113 (full 0):
 garbage-first heap   total 475136K, used 407602K [0x0000000080000000, 0x0000000100000000)
  region size 1024K, 229 young (234496K), 1 survivors (1024K)
 Metaspace       used 125436K, capacity 128753K, committed 129152K, reserved 1161216K
  class space    used 15240K, capacity 16433K, committed 16588K, reserved 1048576K
}
Event: 4683.773 GC heap after
{Heap after GC invocations=114 (full 0):
 garbage-first heap   total 475136K, used 183680K [0x0000000080000000, 0x0000000100000000)
  region size 1024K, 11 young (11264K), 11 survivors (11264K)
 Metaspace       used 125436K, capacity 128753K, committed 129152K, reserved 1161216K
  class space    used 15240K, capacity 16433K, committed 16588K, reserved 1048576K
}
Event: 4685.273 GC heap before
{Heap before GC invocations=115 (full 0):
 garbage-first heap   total 475136K, used 402816K [0x0000000080000000, 0x0000000100000000)
  region size 1024K, 226 young (231424K), 11 survivors (11264K)
 Metaspace       used 125446K, capacity 128757K, committed 129152K, reserved 1161216K
  class space    used 15241K, capacity 16434K, committed 16588K, reserved 1048576K
}

